<?xml version="1.0" encoding="UTF-8"?>
<testng-results ignored="0" total="1" passed="1" failed="0" skipped="0">
  <reporter-output>
  </reporter-output>
  <suite started-at="2025-07-25T13:32:22 IST" name="Default suite" finished-at="2025-07-25T13:32:27 IST" duration-ms="5104">
    <groups>
    </groups>
    <test started-at="2025-07-25T13:32:22 IST" name="Default test" finished-at="2025-07-25T13:32:27 IST" duration-ms="5104">
      <class name="day47.LoginTest">
        <test-method is-config="true" signature="setUp()[pri:0, instance:day47.LoginTest@17f7cd29]" started-at="2025-07-25T13:32:22 IST" name="setUp" finished-at="2025-07-25T13:32:27 IST" duration-ms="4379" status="PASS">
          <reporter-output>
          </reporter-output>
        </test-method> <!-- setUp -->
        <test-method signature="testLogin()[pri:0, instance:day47.LoginTest@17f7cd29]" started-at="2025-07-25T13:32:27 IST" name="testLogin" finished-at="2025-07-25T13:32:27 IST" duration-ms="536" status="PASS">
          <reporter-output>
          </reporter-output>
        </test-method> <!-- testLogin -->
        <test-method is-config="true" signature="tearDown()[pri:0, instance:day47.LoginTest@17f7cd29]" started-at="2025-07-25T13:32:27 IST" name="tearDown" finished-at="2025-07-25T13:32:27 IST" duration-ms="150" status="PASS">
          <reporter-output>
          </reporter-output>
        </test-method> <!-- tearDown -->
      </class> <!-- day47.LoginTest -->
    </test> <!-- Default test -->
  </suite> <!-- Default suite -->
</testng-results>
